Arguments: 
  /home/emerson/.nvm/versions/node/v16.14.2/bin/node /home/emerson/.node/corepack/yarn/1.22.15/bin/yarn.js init

PATH: 
  /home/emerson/.nvm/versions/node/v16.14.2/bin:/usr/local/sbin:/usr/local/bin:/usr/sbin:/usr/bin:/sbin:/bin:/usr/games:/usr/local/games:/mnt/c/Program Files/Alacritty/:/mnt/c/Windows/system32:/mnt/c/Windows:/mnt/c/Windows/System32/Wbem:/mnt/c/Windows/System32/WindowsPowerShell/v1.0/:/mnt/c/Windows/System32/OpenSSH/:/mnt/c/Users/Emerson/AppData/Local/Microsoft/WindowsApps:/snap/bin

Yarn version: 
  1.22.15

Node version: 
  16.14.2

Platform: 
  linux x64

Trace: 
  Error: canceled
      at Interface.<anonymous> (/home/emerson/.node/corepack/yarn/1.22.15/lib/cli.js:137145:13)
      at Interface.emit (node:events:526:28)
      at Interface._ttyWrite (node:readline:1081:16)
      at ReadStream.onkeypress (node:readline:288:10)
      at ReadStream.emit (node:events:526:28)
      at emitKeys (node:internal/readline/utils:358:14)
      at emitKeys.next (<anonymous>)
      at ReadStream.onData (node:internal/readline/emitKeypressEvents:61:36)
      at ReadStream.emit (node:events:526:28)
      at addChunk (node:internal/streams/readable:315:12)

npm manifest: 
  {
    "name": "no-loss-lottery",
    "version": "1.0.0",
    "main": "index.js",
    "repository": "https://github.com/edwarhman/no-loss-lottery.git",
    "author": "Emerson <edwarhman@gmail.com>",
    "license": "MIT",
    "scripts": {
      "compile": "hardhat compile",
      "test": "hardhat test",
      "solhint": "./node_modules/.bin/solhint -f table contracts/**/*.sol",
      "prettier:solidity": "./node_modules/.bin/prettier --write contracts/**/*.sol"
    },
    "dependencies": {
      "@chainlink/contracts": "^0.4.0",
      "@nomiclabs/hardhat-ethers": "^2.0.5",
      "@nomiclabs/hardhat-waffle": "^2.0.3",
      "@openzeppelin/contracts": "^4.5.0",
      "@openzeppelin/contracts-upgradeable": "^4.5.2",
      "@openzeppelin/hardhat-upgrades": "^1.17.0",
      "chai": "^4.3.6",
      "ethereum-waffle": "^3.4.4",
      "ethers": "^5.6.2",
      "hardhat": "^2.9.2",
      "prettier-plugin-solidity": "^1.0.0-beta.19",
      "solidity-coverage": "^0.7.20"
    },
    "devDependencies": {
      "dotenv": "^16.0.0",
      "prettier": "2.6.2",
      "solhint": "^3.3.7",
      "solhint-plugin-prettier": "^0.0.5"
    }
  }

yarn manifest: 
  No manifest

Lockfile: 
  No lockfile
